<?xml version="1.0" encoding="UTF-8"?>
<!-- Generated by org.testng.reporters.JUnitXMLReporter -->
<testsuite ignored="5" hostname="sirijagowd" failures="15" tests="53" name="Test" time="506.827" errors="0" timestamp="2022-03-17T12:38:20 IST">
  <testcase classname="com.Aquiltrack.qa.Testcases.LoginTest" name="loginmethod" time="4.515"/>
  <testcase classname="com.Aquiltrack.qa.Testcases.DashboardTest" name="trackingButtonIsEnabledTest" time="0.461"/>
  <testcase classname="com.Aquiltrack.qa.Testcases.DashboardTest" name="nonTrackingButtonIsEnabledTest" time="1.366"/>
  <testcase classname="com.Aquiltrack.qa.Testcases.DashboardTest" name="TrackingButtonIsEnabledTestClick" time="2.366"/>
  <testcase classname="com.Aquiltrack.qa.Testcases.DashboardTest" name="NOnTrackingButtonIsEnabledTestClick" time="1.827"/>
  <testcase classname="com.Aquiltrack.qa.Testcases.DashboardTest" name="links" time="10.544"/>
  <testcase classname="com.Aquiltrack.qa.Testcases.DashboardTest" name="currentTrackinfoPageTest" time="1.722"/>
  <testcase classname="com.Aquiltrack.qa.Testcases.DashboardTest" name="SearchedResuktAtCurrentTrackinfoPageTest" time="0.557">
    <failure type="java.sql.SQLSyntaxErrorException" message="Table &amp;apos;test_automation.VehicleNumber&amp;apos; doesn&amp;apos;t exist">
      <![CDATA[java.sql.SQLSyntaxErrorException: Table 'test_automation.VehicleNumber' doesn't exist
at com.mysql.cj.jdbc.exceptions.SQLError.createSQLException(SQLError.java:120)
at com.mysql.cj.jdbc.exceptions.SQLExceptionsMapping.translateException(SQLExceptionsMapping.java:122)
at com.mysql.cj.jdbc.StatementImpl.executeQuery(StatementImpl.java:1206)
at com.Excel.Utility.MysqlConnection.setup(MysqlConnection.java:26)
at com.Aquilatrack.qa.pages.DashboardPage.Searched_Data(DashboardPage.java:318)
at com.Aquiltrack.qa.Testcases.DashboardTest.SearchedResuktAtCurrentTrackinfoPageTest(DashboardTest.java:92)
at java.base/java.util.ArrayList.forEach(ArrayList.java:1511)
... Removed 27 stack frames]]>
    </failure>
  </testcase> <!-- SearchedResuktAtCurrentTrackinfoPageTest -->
  <testcase classname="com.Aquiltrack.qa.Testcases.DashboardTest" name="downloadiconAtCurrentTracknfoTest" time="1.433"/>
  <testcase classname="com.Aquiltrack.qa.Testcases.DashboardTest" name="viewColumnAtCurrentTracknfoTest" time="11.475"/>
  <testcase classname="com.Aquiltrack.qa.Testcases.DashboardTest" name="currentSummaryPageTest" time="3.186"/>
  <testcase classname="com.Aquiltrack.qa.Testcases.DashboardTest" name="SearchedResuktAtCurrentSummaryPageTest" time="0.421">
    <failure type="java.sql.SQLSyntaxErrorException" message="Table &amp;apos;test_automation.VehicleNumber&amp;apos; doesn&amp;apos;t exist">
      <![CDATA[java.sql.SQLSyntaxErrorException: Table 'test_automation.VehicleNumber' doesn't exist
at com.mysql.cj.jdbc.exceptions.SQLError.createSQLException(SQLError.java:120)
at com.mysql.cj.jdbc.exceptions.SQLExceptionsMapping.translateException(SQLExceptionsMapping.java:122)
at com.mysql.cj.jdbc.StatementImpl.executeQuery(StatementImpl.java:1206)
at com.Excel.Utility.MysqlConnection.setup(MysqlConnection.java:26)
at com.Aquilatrack.qa.pages.DashboardPage.Searched_Data(DashboardPage.java:318)
at com.Aquiltrack.qa.Testcases.DashboardTest.SearchedResuktAtCurrentSummaryPageTest(DashboardTest.java:126)
at java.base/java.util.ArrayList.forEach(ArrayList.java:1511)
... Removed 27 stack frames]]>
    </failure>
  </testcase> <!-- SearchedResuktAtCurrentSummaryPageTest -->
  <testcase classname="com.Aquiltrack.qa.Testcases.DashboardTest" name="viewColumnAtCurrentSummaryTest" time="11.991"/>
  <testcase classname="com.Aquiltrack.qa.Testcases.DashboardTest" name="downloadiconAtCurrentSummaryTest" time="2.549"/>
  <testcase classname="com.Aquiltrack.qa.Testcases.DashboardTest" name="clickonlivealert" time="3.053"/>
  <testcase classname="com.Aquiltrack.qa.Testcases.Reports_TCs" name="AOI_report" time="15.436"/>
  <testcase classname="com.Aquiltrack.qa.Testcases.Reports_TCs" name="Consolidated_report" time="16.466"/>
  <testcase classname="com.Aquiltrack.qa.Testcases.Reports_TCs" name="Current_Summary_report" time="10.67"/>
  <testcase classname="com.Aquiltrack.qa.Testcases.Reports_TCs" name="Daywise_report" time="17.012"/>
  <testcase classname="com.Aquiltrack.qa.Testcases.Reports_TCs" name="Halt_report" time="15.029"/>
  <testcase classname="com.Aquiltrack.qa.Testcases.Reports_TCs" name="Idle_report" time="15.046"/>
  <testcase classname="com.Aquiltrack.qa.Testcases.Reports_TCs" name="Ignition_Report" time="16.601"/>
  <testcase classname="com.Aquiltrack.qa.Testcases.Reports_TCs" name="J1939_Report" time="16.61"/>
  <testcase classname="com.Aquiltrack.qa.Testcases.Reports_TCs" name="OBD_Report" time="17.161"/>
  <testcase classname="com.Aquiltrack.qa.Testcases.Reports_TCs" name="OverSpeed_Report" time="16.424"/>
  <testcase classname="com.Aquiltrack.qa.Testcases.Reports_TCs" name="Panic_Report" time="16.87"/>
  <testcase classname="com.Aquiltrack.qa.Testcases.Reports_TCs" name="Tracking_Report" time="19.364"/>
  <testcase classname="com.Aquiltrack.qa.Testcases.Reports_TCs" name="Trip_Report" time="16.921"/>
  <testcase classname="com.Aquiltrack.qa.Testcases.AlertsTest" name="vehicle_ALert_hour" time="13.72"/>
  <testcase classname="com.Aquiltrack.qa.Testcases.AlertsTest" name="vehicle_ALert_Day" time="17.169"/>
  <testcase classname="com.Aquiltrack.qa.Testcases.AlertsTest" name="vehicle_ALert_Week" time="13.904"/>
  <testcase classname="com.Aquiltrack.qa.Testcases.AlertsTest" name="vehicle_ALert_Month" time="14.675"/>
  <testcase classname="com.Aquiltrack.qa.Testcases.Routetestcases" name="createRouteUsingAOIsTest" time="2.796">
    <failure type="java.sql.SQLSyntaxErrorException" message="Table &amp;apos;test_automation.VehicleNumber&amp;apos; doesn&amp;apos;t exist">
      <![CDATA[java.sql.SQLSyntaxErrorException: Table 'test_automation.VehicleNumber' doesn't exist
at com.mysql.cj.jdbc.exceptions.SQLError.createSQLException(SQLError.java:120)
at com.mysql.cj.jdbc.exceptions.SQLExceptionsMapping.translateException(SQLExceptionsMapping.java:122)
at com.mysql.cj.jdbc.StatementImpl.executeQuery(StatementImpl.java:1206)
at com.Excel.Utility.MysqlConnection.setup(MysqlConnection.java:26)
at com.Aquilatrack.qa.pages.Routespage.enterAOIs(Routespage.java:224)
at com.Aquilatrack.qa.pages.Routespage.createRouteUsingAOIs(Routespage.java:269)
at com.Aquiltrack.qa.Testcases.Routetestcases.createRouteUsingAOIsTest(Routetestcases.java:43)
at java.base/java.util.ArrayList.forEach(ArrayList.java:1511)
... Removed 27 stack frames]]>
    </failure>
  </testcase> <!-- createRouteUsingAOIsTest -->
  <testcase classname="com.Aquiltrack.qa.Testcases.Routetestcases" name="editRouteDetailsTest" time="3.456">
    <failure type="java.sql.SQLSyntaxErrorException" message="Table &amp;apos;test_automation.VehicleNumber&amp;apos; doesn&amp;apos;t exist">
      <![CDATA[java.sql.SQLSyntaxErrorException: Table 'test_automation.VehicleNumber' doesn't exist
at com.mysql.cj.jdbc.exceptions.SQLError.createSQLException(SQLError.java:120)
at com.mysql.cj.jdbc.exceptions.SQLExceptionsMapping.translateException(SQLExceptionsMapping.java:122)
at com.mysql.cj.jdbc.StatementImpl.executeQuery(StatementImpl.java:1206)
at com.Excel.Utility.MysqlConnection.setup(MysqlConnection.java:26)
at com.Aquilatrack.qa.pages.Routespage.clickAtSearchedRoute(Routespage.java:198)
at com.Aquilatrack.qa.pages.Routespage.editRouteDetails(Routespage.java:314)
at com.Aquiltrack.qa.Testcases.Routetestcases.editRouteDetailsTest(Routetestcases.java:50)
at java.base/java.util.ArrayList.forEach(ArrayList.java:1511)
... Removed 27 stack frames]]>
    </failure>
  </testcase> <!-- editRouteDetailsTest -->
  <testcase classname="com.Aquiltrack.qa.Testcases.Routetestcases" name="deleteRouteTest" time="0.0">
    <skipped/>
  </testcase> <!-- deleteRouteTest -->
  <testcase classname="com.Aquiltrack.qa.Testcases.UserTest" name="CreateRole" time="3.169">
    <failure type="java.sql.SQLSyntaxErrorException" message="Table &amp;apos;test_automation.VehicleNumber&amp;apos; doesn&amp;apos;t exist">
      <![CDATA[java.sql.SQLSyntaxErrorException: Table 'test_automation.VehicleNumber' doesn't exist
at com.mysql.cj.jdbc.exceptions.SQLError.createSQLException(SQLError.java:120)
at com.mysql.cj.jdbc.exceptions.SQLExceptionsMapping.translateException(SQLExceptionsMapping.java:122)
at com.mysql.cj.jdbc.StatementImpl.executeQuery(StatementImpl.java:1206)
at com.Excel.Utility.MysqlConnection.setup(MysqlConnection.java:26)
at com.Aquilatrack.qa.pages.UsersPage1.clickonRoleTab(UsersPage1.java:217)
at com.Aquiltrack.qa.Testcases.UserTest.CreateRole(UserTest.java:44)
at java.base/java.util.ArrayList.forEach(ArrayList.java:1511)
... Removed 27 stack frames]]>
    </failure>
  </testcase> <!-- CreateRole -->
  <testcase classname="com.Aquiltrack.qa.Testcases.UserTest" name="selectedModule" time="3.426">
    <failure type="java.sql.SQLSyntaxErrorException" message="Table &amp;apos;test_automation.VehicleNumber&amp;apos; doesn&amp;apos;t exist">
      <![CDATA[java.sql.SQLSyntaxErrorException: Table 'test_automation.VehicleNumber' doesn't exist
at com.mysql.cj.jdbc.exceptions.SQLError.createSQLException(SQLError.java:120)
at com.mysql.cj.jdbc.exceptions.SQLExceptionsMapping.translateException(SQLExceptionsMapping.java:122)
at com.mysql.cj.jdbc.StatementImpl.executeQuery(StatementImpl.java:1206)
at com.Excel.Utility.MysqlConnection.setup(MysqlConnection.java:26)
at com.Aquilatrack.qa.pages.UsersPage1.createRole_listodModule(UsersPage1.java:265)
at com.Aquiltrack.qa.Testcases.UserTest.selectedModule(UserTest.java:50)
at java.base/java.util.ArrayList.forEach(ArrayList.java:1511)
... Removed 27 stack frames]]>
    </failure>
  </testcase> <!-- selectedModule -->
  <testcase classname="com.Aquiltrack.qa.Testcases.UserTest" name="createUser" time="2.312">
    <failure type="java.sql.SQLSyntaxErrorException" message="Table &amp;apos;test_automation.VehicleNumber&amp;apos; doesn&amp;apos;t exist">
      <![CDATA[java.sql.SQLSyntaxErrorException: Table 'test_automation.VehicleNumber' doesn't exist
at com.mysql.cj.jdbc.exceptions.SQLError.createSQLException(SQLError.java:120)
at com.mysql.cj.jdbc.exceptions.SQLExceptionsMapping.translateException(SQLExceptionsMapping.java:122)
at com.mysql.cj.jdbc.StatementImpl.executeQuery(StatementImpl.java:1206)
at com.Excel.Utility.MysqlConnection.setup(MysqlConnection.java:26)
at com.Aquilatrack.qa.pages.UsersPage1.createNewUser(UsersPage1.java:293)
at com.Aquiltrack.qa.Testcases.UserTest.createUser(UserTest.java:56)
at java.base/java.util.ArrayList.forEach(ArrayList.java:1511)
... Removed 27 stack frames]]>
    </failure>
  </testcase> <!-- createUser -->
  <testcase classname="com.Aquiltrack.qa.Testcases.UserTest" name="edituserdeatails" time="0.944">
    <failure type="java.sql.SQLSyntaxErrorException" message="Table &amp;apos;test_automation.VehicleNumber&amp;apos; doesn&amp;apos;t exist">
      <![CDATA[java.sql.SQLSyntaxErrorException: Table 'test_automation.VehicleNumber' doesn't exist
at com.mysql.cj.jdbc.exceptions.SQLError.createSQLException(SQLError.java:120)
at com.mysql.cj.jdbc.exceptions.SQLExceptionsMapping.translateException(SQLExceptionsMapping.java:122)
at com.mysql.cj.jdbc.StatementImpl.executeQuery(StatementImpl.java:1206)
at com.Excel.Utility.MysqlConnection.setup(MysqlConnection.java:26)
at com.Aquilatrack.qa.pages.UsersPage1.searchUser(UsersPage1.java:421)
at com.Aquilatrack.qa.pages.UsersPage1.editUserDetails(UsersPage1.java:442)
at com.Aquiltrack.qa.Testcases.UserTest.edituserdeatails(UserTest.java:61)
at java.base/java.util.ArrayList.forEach(ArrayList.java:1511)
... Removed 27 stack frames]]>
    </failure>
  </testcase> <!-- edituserdeatails -->
  <testcase classname="com.Aquiltrack.qa.Testcases.UserTest" name="resetpassword" time="1.262">
    <failure type="java.sql.SQLSyntaxErrorException" message="Table &amp;apos;test_automation.VehicleNumber&amp;apos; doesn&amp;apos;t exist">
      <![CDATA[java.sql.SQLSyntaxErrorException: Table 'test_automation.VehicleNumber' doesn't exist
at com.mysql.cj.jdbc.exceptions.SQLError.createSQLException(SQLError.java:120)
at com.mysql.cj.jdbc.exceptions.SQLExceptionsMapping.translateException(SQLExceptionsMapping.java:122)
at com.mysql.cj.jdbc.StatementImpl.executeQuery(StatementImpl.java:1206)
at com.Excel.Utility.MysqlConnection.setup(MysqlConnection.java:26)
at com.Aquilatrack.qa.pages.UsersPage1.searchUser(UsersPage1.java:421)
at com.Aquilatrack.qa.pages.UsersPage1.changePassword(UsersPage1.java:509)
at com.Aquiltrack.qa.Testcases.UserTest.resetpassword(UserTest.java:66)
at java.base/java.util.ArrayList.forEach(ArrayList.java:1511)
... Removed 27 stack frames]]>
    </failure>
  </testcase> <!-- resetpassword -->
  <testcase classname="com.Aquiltrack.qa.Testcases.UserTest" name="Deleteuser_assignedvehi" time="0.955">
    <failure type="java.sql.SQLSyntaxErrorException" message="Table &amp;apos;test_automation.VehicleNumber&amp;apos; doesn&amp;apos;t exist">
      <![CDATA[java.sql.SQLSyntaxErrorException: Table 'test_automation.VehicleNumber' doesn't exist
at com.mysql.cj.jdbc.exceptions.SQLError.createSQLException(SQLError.java:120)
at com.mysql.cj.jdbc.exceptions.SQLExceptionsMapping.translateException(SQLExceptionsMapping.java:122)
at com.mysql.cj.jdbc.StatementImpl.executeQuery(StatementImpl.java:1206)
at com.Excel.Utility.MysqlConnection.setup(MysqlConnection.java:26)
at com.Aquilatrack.qa.pages.UsersPage1.searchUser(UsersPage1.java:421)
at com.Aquilatrack.qa.pages.UsersPage1.deleteUser(UsersPage1.java:485)
at com.Aquiltrack.qa.Testcases.UserTest.Deleteuser_assignedvehi(UserTest.java:72)
at java.base/java.util.ArrayList.forEach(ArrayList.java:1511)
... Removed 27 stack frames]]>
    </failure>
  </testcase> <!-- Deleteuser_assignedvehi -->
  <testcase classname="com.Aquiltrack.qa.Testcases.UserTest" name="checksublogin" time="2.313"/>
  <testcase classname="com.Aquiltrack.qa.Testcases.Driverstestcase" name="add" time="8.103">
    <failure type="java.sql.SQLSyntaxErrorException" message="Table &amp;apos;test_automation.VehicleNumber&amp;apos; doesn&amp;apos;t exist">
      <![CDATA[java.sql.SQLSyntaxErrorException: Table 'test_automation.VehicleNumber' doesn't exist
at com.mysql.cj.jdbc.exceptions.SQLError.createSQLException(SQLError.java:120)
at com.mysql.cj.jdbc.exceptions.SQLExceptionsMapping.translateException(SQLExceptionsMapping.java:122)
at com.mysql.cj.jdbc.StatementImpl.executeQuery(StatementImpl.java:1206)
at com.Excel.Utility.MysqlConnection.setup(MysqlConnection.java:26)
at com.Aquilatrack.qa.pages.Drivers.createnewDriver(Drivers.java:175)
at com.Aquiltrack.qa.Testcases.Driverstestcase.add(Driverstestcase.java:46)
at java.base/java.util.ArrayList.forEach(ArrayList.java:1511)
... Removed 27 stack frames]]>
    </failure>
  </testcase> <!-- add -->
  <testcase classname="com.Aquiltrack.qa.Testcases.Driverstestcase" name="driverbtn" time="1.249"/>
  <testcase classname="com.Aquiltrack.qa.Testcases.Driverstestcase" name="downloadbtn" time="2.615"/>
  <testcase classname="com.Aquiltrack.qa.Testcases.Driverstestcase" name="Edit_DriverDetails" time="2.431">
    <failure type="java.sql.SQLSyntaxErrorException" message="Table &amp;apos;test_automation.VehicleNumber&amp;apos; doesn&amp;apos;t exist">
      <![CDATA[java.sql.SQLSyntaxErrorException: Table 'test_automation.VehicleNumber' doesn't exist
at com.mysql.cj.jdbc.exceptions.SQLError.createSQLException(SQLError.java:120)
at com.mysql.cj.jdbc.exceptions.SQLExceptionsMapping.translateException(SQLExceptionsMapping.java:122)
at com.mysql.cj.jdbc.StatementImpl.executeQuery(StatementImpl.java:1206)
at com.Excel.Utility.MysqlConnection.setup(MysqlConnection.java:26)
at com.Aquilatrack.qa.pages.Drivers.editDriverDetails(Drivers.java:208)
at com.Aquiltrack.qa.Testcases.Driverstestcase.Edit_DriverDetails(Driverstestcase.java:65)
at java.base/java.util.ArrayList.forEach(ArrayList.java:1511)
... Removed 27 stack frames]]>
    </failure>
  </testcase> <!-- Edit_DriverDetails -->
  <testcase classname="com.Aquiltrack.qa.Testcases.Activitytest" name="verifyactivitylastweek" time="20.707">
    <failure type="org.openqa.selenium.TimeoutException" message="Expected condition failed: waiting for element to be clickable: Proxy element for: DefaultElementLocator &amp;apos;By.xpath: //tbody/tr[1]/td[1]&amp;apos; (tried for 10 second(s) with 500 milliseconds interval)">
      <![CDATA[org.openqa.selenium.TimeoutException: Expected condition failed: waiting for element to be clickable: Proxy element for: DefaultElementLocator 'By.xpath: //tbody/tr[1]/td[1]' (tried for 10 second(s) with 500 milliseconds interval)
at org.openqa.selenium.support.ui.WebDriverWait.timeoutException(WebDriverWait.java:95)
at org.openqa.selenium.support.ui.FluentWait.until(FluentWait.java:272)
at com.Excel.Utility.Util_WAITS.waitForElementToBEClickable(Util_WAITS.java:24)
at com.Aquilatrack.qa.pages.Activitypage.verifyactlastweek(Activitypage.java:95)
at com.Aquiltrack.qa.Testcases.Activitytest.verifyactivitylastweek(Activitytest.java:36)
at java.base/java.util.ArrayList.forEach(ArrayList.java:1511)
Caused by: org.openqa.selenium.NoSuchElementException: no such element: Unable to locate element: {"method":"xpath","selector":"//tbody/tr[1]/td[1]"}
  (Session info: chrome=99.0.4844.74)
For documentation on this error, please visit: https://www.seleniumhq.org/exceptions/no_such_element.html
Build info: version: '3.141.59', revision: 'e82be7d358', time: '2018-11-14T08:17:03'
System info: host: 'sirijagowd', ip: '192.168.14.17', os.name: 'Linux', os.arch: 'amd64', os.version: '5.4.0-104-generic', java.version: '17.0.1'
Driver info: org.openqa.selenium.chrome.ChromeDriver
Capabilities {acceptInsecureCerts: false, browserName: chrome, browserVersion: 99.0.4844.74, chrome: {chromedriverVersion: 99.0.4844.51 (d537ec02474b5..., userDataDir: /tmp/.com.google.Chrome.iaChPJ}, goog:chromeOptions: {debuggerAddress: localhost:38181}, javascriptEnabled: true, networkConnectionEnabled: false, pageLoadStrategy: normal, platform: LINUX, platformName: LINUX, proxy: Proxy(), setWindowRect: true, strictFileInteractability: false, timeouts: {implicit: 0, pageLoad: 300000, script: 30000}, unhandledPromptBehavior: dismiss and notify, webauthn:extension:credBlob: true, webauthn:extension:largeBlob: true, webauthn:virtualAuthenticators: true}
Session ID: 86678222a0f2aee4aa34162dadb7f4df
*** Element info: {Using=xpath, value=//tbody/tr[1]/td[1]}
at org.openqa.selenium.remote.http.W3CHttpResponseCodec.createException(W3CHttpResponseCodec.java:187)
at org.openqa.selenium.remote.http.W3CHttpResponseCodec.decode(W3CHttpResponseCodec.java:122)
at org.openqa.selenium.remote.http.W3CHttpResponseCodec.decode(W3CHttpResponseCodec.java:49)
at org.openqa.selenium.remote.HttpCommandExecutor.execute(HttpCommandExecutor.java:158)
at org.openqa.selenium.remote.service.DriverCommandExecutor.execute(DriverCommandExecutor.java:83)
at org.openqa.selenium.remote.RemoteWebDriver.execute(RemoteWebDriver.java:552)
at org.openqa.selenium.remote.RemoteWebDriver.findElement(RemoteWebDriver.java:323)
at org.openqa.selenium.remote.RemoteWebDriver.findElementByXPath(RemoteWebDriver.java:428)
at org.openqa.selenium.By$ByXPath.findElement(By.java:353)
at org.openqa.selenium.remote.RemoteWebDriver.findElement(RemoteWebDriver.java:315)
at org.openqa.selenium.support.pagefactory.DefaultElementLocator.findElement(DefaultElementLocator.java:69)
at org.openqa.selenium.support.pagefactory.internal.LocatingElementHandler.invoke(LocatingElementHandler.java:38)
at jdk.proxy2/jdk.proxy2.$Proxy15.isDisplayed(Unknown Source)
at org.openqa.selenium.support.ui.ExpectedConditions.elementIfVisible(ExpectedConditions.java:314)
at org.openqa.selenium.support.ui.ExpectedConditions.access$000(ExpectedConditions.java:43)
at org.openqa.selenium.support.ui.ExpectedConditions$10.apply(ExpectedConditions.java:300)
at org.openqa.selenium.support.ui.ExpectedConditions$10.apply(ExpectedConditions.java:297)
at org.openqa.selenium.support.ui.ExpectedConditions$23.apply(ExpectedConditions.java:670)
at org.openqa.selenium.support.ui.ExpectedConditions$23.apply(ExpectedConditions.java:666)
at org.openqa.selenium.support.ui.FluentWait.until(FluentWait.java:249)
... 31 more
... Removed 32 stack frames]]>
    </failure>
  </testcase> <!-- verifyactivitylastweek -->
  <testcase classname="com.Aquiltrack.qa.Testcases.Activitytest" name="verifyactivitylastmonth" time="21.772">
    <failure type="org.openqa.selenium.TimeoutException" message="Expected condition failed: waiting for element to be clickable: Proxy element for: DefaultElementLocator &amp;apos;By.xpath: //tbody/tr[1]/td[1]&amp;apos; (tried for 10 second(s) with 500 milliseconds interval)">
      <![CDATA[org.openqa.selenium.TimeoutException: Expected condition failed: waiting for element to be clickable: Proxy element for: DefaultElementLocator 'By.xpath: //tbody/tr[1]/td[1]' (tried for 10 second(s) with 500 milliseconds interval)
at org.openqa.selenium.support.ui.WebDriverWait.timeoutException(WebDriverWait.java:95)
at org.openqa.selenium.support.ui.FluentWait.until(FluentWait.java:272)
at com.Excel.Utility.Util_WAITS.waitForElementToBEClickable(Util_WAITS.java:24)
at com.Aquilatrack.qa.pages.Activitypage.verifyactlastmonth(Activitypage.java:114)
at com.Aquiltrack.qa.Testcases.Activitytest.verifyactivitylastmonth(Activitytest.java:42)
at java.base/java.util.ArrayList.forEach(ArrayList.java:1511)
Caused by: org.openqa.selenium.NoSuchElementException: no such element: Unable to locate element: {"method":"xpath","selector":"//tbody/tr[1]/td[1]"}
  (Session info: chrome=99.0.4844.74)
For documentation on this error, please visit: https://www.seleniumhq.org/exceptions/no_such_element.html
Build info: version: '3.141.59', revision: 'e82be7d358', time: '2018-11-14T08:17:03'
System info: host: 'sirijagowd', ip: '192.168.14.17', os.name: 'Linux', os.arch: 'amd64', os.version: '5.4.0-104-generic', java.version: '17.0.1'
Driver info: org.openqa.selenium.chrome.ChromeDriver
Capabilities {acceptInsecureCerts: false, browserName: chrome, browserVersion: 99.0.4844.74, chrome: {chromedriverVersion: 99.0.4844.51 (d537ec02474b5..., userDataDir: /tmp/.com.google.Chrome.iaChPJ}, goog:chromeOptions: {debuggerAddress: localhost:38181}, javascriptEnabled: true, networkConnectionEnabled: false, pageLoadStrategy: normal, platform: LINUX, platformName: LINUX, proxy: Proxy(), setWindowRect: true, strictFileInteractability: false, timeouts: {implicit: 0, pageLoad: 300000, script: 30000}, unhandledPromptBehavior: dismiss and notify, webauthn:extension:credBlob: true, webauthn:extension:largeBlob: true, webauthn:virtualAuthenticators: true}
Session ID: 86678222a0f2aee4aa34162dadb7f4df
*** Element info: {Using=xpath, value=//tbody/tr[1]/td[1]}
at org.openqa.selenium.remote.http.W3CHttpResponseCodec.createException(W3CHttpResponseCodec.java:187)
at org.openqa.selenium.remote.http.W3CHttpResponseCodec.decode(W3CHttpResponseCodec.java:122)
at org.openqa.selenium.remote.http.W3CHttpResponseCodec.decode(W3CHttpResponseCodec.java:49)
at org.openqa.selenium.remote.HttpCommandExecutor.execute(HttpCommandExecutor.java:158)
at org.openqa.selenium.remote.service.DriverCommandExecutor.execute(DriverCommandExecutor.java:83)
at org.openqa.selenium.remote.RemoteWebDriver.execute(RemoteWebDriver.java:552)
at org.openqa.selenium.remote.RemoteWebDriver.findElement(RemoteWebDriver.java:323)
at org.openqa.selenium.remote.RemoteWebDriver.findElementByXPath(RemoteWebDriver.java:428)
at org.openqa.selenium.By$ByXPath.findElement(By.java:353)
at org.openqa.selenium.remote.RemoteWebDriver.findElement(RemoteWebDriver.java:315)
at org.openqa.selenium.support.pagefactory.DefaultElementLocator.findElement(DefaultElementLocator.java:69)
at org.openqa.selenium.support.pagefactory.internal.LocatingElementHandler.invoke(LocatingElementHandler.java:38)
at jdk.proxy2/jdk.proxy2.$Proxy15.isDisplayed(Unknown Source)
at org.openqa.selenium.support.ui.ExpectedConditions.elementIfVisible(ExpectedConditions.java:314)
at org.openqa.selenium.support.ui.ExpectedConditions.access$000(ExpectedConditions.java:43)
at org.openqa.selenium.support.ui.ExpectedConditions$10.apply(ExpectedConditions.java:300)
at org.openqa.selenium.support.ui.ExpectedConditions$10.apply(ExpectedConditions.java:297)
at org.openqa.selenium.support.ui.ExpectedConditions$23.apply(ExpectedConditions.java:670)
at org.openqa.selenium.support.ui.ExpectedConditions$23.apply(ExpectedConditions.java:666)
at org.openqa.selenium.support.ui.FluentWait.until(FluentWait.java:249)
... 31 more
... Removed 32 stack frames]]>
    </failure>
  </testcase> <!-- verifyactivitylastmonth -->
  <testcase classname="com.Aquiltrack.qa.Testcases.Activitytest" name="verifyactivitycustom" time="22.624">
    <failure type="org.openqa.selenium.TimeoutException" message="Expected condition failed: waiting for element to be clickable: Proxy element for: DefaultElementLocator &amp;apos;By.xpath: //tbody/tr[1]/td[1]&amp;apos; (tried for 10 second(s) with 500 milliseconds interval)">
      <![CDATA[org.openqa.selenium.TimeoutException: Expected condition failed: waiting for element to be clickable: Proxy element for: DefaultElementLocator 'By.xpath: //tbody/tr[1]/td[1]' (tried for 10 second(s) with 500 milliseconds interval)
at org.openqa.selenium.support.ui.WebDriverWait.timeoutException(WebDriverWait.java:95)
at org.openqa.selenium.support.ui.FluentWait.until(FluentWait.java:272)
at com.Excel.Utility.Util_WAITS.waitForElementToBEClickable(Util_WAITS.java:24)
at com.Aquilatrack.qa.pages.Activitypage.verifyactcustom(Activitypage.java:139)
at com.Aquiltrack.qa.Testcases.Activitytest.verifyactivitycustom(Activitytest.java:47)
at java.base/java.util.ArrayList.forEach(ArrayList.java:1511)
Caused by: org.openqa.selenium.NoSuchElementException: no such element: Unable to locate element: {"method":"xpath","selector":"//tbody/tr[1]/td[1]"}
  (Session info: chrome=99.0.4844.74)
For documentation on this error, please visit: https://www.seleniumhq.org/exceptions/no_such_element.html
Build info: version: '3.141.59', revision: 'e82be7d358', time: '2018-11-14T08:17:03'
System info: host: 'sirijagowd', ip: '192.168.14.17', os.name: 'Linux', os.arch: 'amd64', os.version: '5.4.0-104-generic', java.version: '17.0.1'
Driver info: org.openqa.selenium.chrome.ChromeDriver
Capabilities {acceptInsecureCerts: false, browserName: chrome, browserVersion: 99.0.4844.74, chrome: {chromedriverVersion: 99.0.4844.51 (d537ec02474b5..., userDataDir: /tmp/.com.google.Chrome.iaChPJ}, goog:chromeOptions: {debuggerAddress: localhost:38181}, javascriptEnabled: true, networkConnectionEnabled: false, pageLoadStrategy: normal, platform: LINUX, platformName: LINUX, proxy: Proxy(), setWindowRect: true, strictFileInteractability: false, timeouts: {implicit: 0, pageLoad: 300000, script: 30000}, unhandledPromptBehavior: dismiss and notify, webauthn:extension:credBlob: true, webauthn:extension:largeBlob: true, webauthn:virtualAuthenticators: true}
Session ID: 86678222a0f2aee4aa34162dadb7f4df
*** Element info: {Using=xpath, value=//tbody/tr[1]/td[1]}
at org.openqa.selenium.remote.http.W3CHttpResponseCodec.createException(W3CHttpResponseCodec.java:187)
at org.openqa.selenium.remote.http.W3CHttpResponseCodec.decode(W3CHttpResponseCodec.java:122)
at org.openqa.selenium.remote.http.W3CHttpResponseCodec.decode(W3CHttpResponseCodec.java:49)
at org.openqa.selenium.remote.HttpCommandExecutor.execute(HttpCommandExecutor.java:158)
at org.openqa.selenium.remote.service.DriverCommandExecutor.execute(DriverCommandExecutor.java:83)
at org.openqa.selenium.remote.RemoteWebDriver.execute(RemoteWebDriver.java:552)
at org.openqa.selenium.remote.RemoteWebDriver.findElement(RemoteWebDriver.java:323)
at org.openqa.selenium.remote.RemoteWebDriver.findElementByXPath(RemoteWebDriver.java:428)
at org.openqa.selenium.By$ByXPath.findElement(By.java:353)
at org.openqa.selenium.remote.RemoteWebDriver.findElement(RemoteWebDriver.java:315)
at org.openqa.selenium.support.pagefactory.DefaultElementLocator.findElement(DefaultElementLocator.java:69)
at org.openqa.selenium.support.pagefactory.internal.LocatingElementHandler.invoke(LocatingElementHandler.java:38)
at jdk.proxy2/jdk.proxy2.$Proxy15.isDisplayed(Unknown Source)
at org.openqa.selenium.support.ui.ExpectedConditions.elementIfVisible(ExpectedConditions.java:314)
at org.openqa.selenium.support.ui.ExpectedConditions.access$000(ExpectedConditions.java:43)
at org.openqa.selenium.support.ui.ExpectedConditions$10.apply(ExpectedConditions.java:300)
at org.openqa.selenium.support.ui.ExpectedConditions$10.apply(ExpectedConditions.java:297)
at org.openqa.selenium.support.ui.ExpectedConditions$23.apply(ExpectedConditions.java:670)
at org.openqa.selenium.support.ui.ExpectedConditions$23.apply(ExpectedConditions.java:666)
at org.openqa.selenium.support.ui.FluentWait.until(FluentWait.java:249)
... 31 more
... Removed 32 stack frames]]>
    </failure>
  </testcase> <!-- verifyactivitycustom -->
  <testcase classname="com.Aquiltrack.qa.Testcases.KM_Report_TCs" name="km_Daily" time="5.586"/>
  <testcase classname="com.Aquiltrack.qa.Testcases.KM_Report_TCs" name="km_Month" time="6.211"/>
  <testcase classname="com.Aquiltrack.qa.Testcases.AccountTestcase" name="verifyuseraccount" time="0.342"/>
  <testcase classname="com.Aquiltrack.qa.Testcases.AccountTestcase" name="verifyusername" time="0.85"/>
  <testcase classname="com.Aquiltrack.qa.Testcases.AccountTestcase" name="verifynoofdevices" time="0.0">
    <ignored/>
  </testcase> <!-- verifynoofdevices -->
  <testcase classname="com.Aquiltrack.qa.Testcases.DashboardTest" name="clickontoggle" time="0.0">
    <ignored/>
  </testcase> <!-- clickontoggle -->
  <testcase classname="com.Aquiltrack.qa.Testcases.Driverstestcase" name="bulkUpload_Driver" time="0.0">
    <ignored/>
  </testcase> <!-- bulkUpload_Driver -->
  <testcase classname="com.Aquiltrack.qa.Testcases.Activitytest" name="verifysearchvehicle" time="0.0">
    <ignored/>
  </testcase> <!-- verifysearchvehicle -->
  <testcase classname="com.Aquiltrack.qa.Testcases.AccountTestcase" name="changepwd" time="0.0">
    <ignored/>
  </testcase> <!-- changepwd -->
</testsuite> <!-- Test -->
