<?xml version="1.0" encoding="UTF-8"?>
<!-- Generated by org.testng.reporters.JUnitXMLReporter -->
<testsuite ignored="0" hostname="swati-Latitude-E5250" failures="1" tests="11" name="Aquilatrack" time="91.291" errors="0" timestamp="2021-12-22T19:29:34 IST">
  <testcase classname="com.Aquiltrack.qa.Testcases.LoginTest" name="loginmethod" time="3.886"/>
  <testcase classname="com.Aquiltrack.qa.Testcases.DashboardTest" name="verifyusernamelble" time="4.098"/>
  <testcase classname="com.Aquiltrack.qa.Testcases.DashboardTest" name="clickonRunning" time="4.987"/>
  <testcase classname="com.Aquiltrack.qa.Testcases.DashboardTest" name="clickonHalt" time="3.058"/>
  <testcase classname="com.Aquiltrack.qa.Testcases.DashboardTest" name="clicnogps" time="4.676"/>
  <testcase classname="com.Aquiltrack.qa.Testcases.DashboardTest" name="clickNodatavehicle" time="7.32"/>
  <testcase classname="com.Aquiltrack.qa.Testcases.DashboardTest" name="deadvehicle" time="16.59"/>
  <testcase classname="com.Aquiltrack.qa.Testcases.DashboardTest" name="clickoncheckbox" time="3.922"/>
  <testcase classname="com.Aquiltrack.qa.Testcases.DashboardTest" name="clickonlivealert" time="3.154"/>
  <testcase classname="com.Aquiltrack.qa.Testcases.DashboardTest" name="clickonslideshow" time="5.709"/>
  <testcase classname="com.Aquiltrack.qa.Testcases.DashboardTest" name="clickontoggle" time="20.049">
    <failure type="org.openqa.selenium.NoSuchElementException" message="no such element: Unable to locate element: {&amp;quot;method&amp;quot;:&amp;quot;xpath&amp;quot;,&amp;quot;selector&amp;quot;:&amp;quot;//h5[contains(text(),&amp;apos;Dashboard&amp;apos;)]//following::input[2]&amp;quot;}
  (Session info: chrome=96.0.4664.45)
For documentation on this error, please visit: https://www.seleniumhq.org/exceptions/no_such_element.html
Build info: version: &amp;apos;3.141.59&amp;apos;, revision: &amp;apos;e82be7d358&amp;apos;, time: &amp;apos;2018-11-14T08:17:03&amp;apos;
System info: host: &amp;apos;swati-Latitude-E5250&amp;apos;, ip: &amp;apos;127.0.1.1&amp;apos;, os.name: &amp;apos;Linux&amp;apos;, os.arch: &amp;apos;amd64&amp;apos;, os.version: &amp;apos;5.4.0-91-generic&amp;apos;, java.version: &amp;apos;11.0.13&amp;apos;
Driver info: org.openqa.selenium.chrome.ChromeDriver
Capabilities {acceptInsecureCerts: false, browserName: chrome, browserVersion: 96.0.4664.45, chrome: {chromedriverVersion: 96.0.4664.45 (76e4c1bb2ab46..., userDataDir: /tmp/.com.google.Chrome.j81W2O}, goog:chromeOptions: {debuggerAddress: localhost:34309}, javascriptEnabled: true, networkConnectionEnabled: false, pageLoadStrategy: normal, platform: LINUX, platformName: LINUX, proxy: Proxy(), setWindowRect: true, strictFileInteractability: false, timeouts: {implicit: 0, pageLoad: 300000, script: 30000}, unhandledPromptBehavior: dismiss and notify, webauthn:extension:credBlob: true, webauthn:extension:largeBlob: true, webauthn:virtualAuthenticators: true}
Session ID: ec1d52cfdb3ef33de19219772cd70bd6
*** Element info: {Using=xpath, value=//h5[contains(text(),&amp;apos;Dashboard&amp;apos;)]//following::input[2]}">
      <![CDATA[org.openqa.selenium.NoSuchElementException: no such element: Unable to locate element: {"method":"xpath","selector":"//h5[contains(text(),'Dashboard')]//following::input[2]"}
  (Session info: chrome=96.0.4664.45)
For documentation on this error, please visit: https://www.seleniumhq.org/exceptions/no_such_element.html
Build info: version: '3.141.59', revision: 'e82be7d358', time: '2018-11-14T08:17:03'
System info: host: 'swati-Latitude-E5250', ip: '127.0.1.1', os.name: 'Linux', os.arch: 'amd64', os.version: '5.4.0-91-generic', java.version: '11.0.13'
Driver info: org.openqa.selenium.chrome.ChromeDriver
Capabilities {acceptInsecureCerts: false, browserName: chrome, browserVersion: 96.0.4664.45, chrome: {chromedriverVersion: 96.0.4664.45 (76e4c1bb2ab46..., userDataDir: /tmp/.com.google.Chrome.j81W2O}, goog:chromeOptions: {debuggerAddress: localhost:34309}, javascriptEnabled: true, networkConnectionEnabled: false, pageLoadStrategy: normal, platform: LINUX, platformName: LINUX, proxy: Proxy(), setWindowRect: true, strictFileInteractability: false, timeouts: {implicit: 0, pageLoad: 300000, script: 30000}, unhandledPromptBehavior: dismiss and notify, webauthn:extension:credBlob: true, webauthn:extension:largeBlob: true, webauthn:virtualAuthenticators: true}
Session ID: ec1d52cfdb3ef33de19219772cd70bd6
*** Element info: {Using=xpath, value=//h5[contains(text(),'Dashboard')]//following::input[2]}
at org.openqa.selenium.remote.http.W3CHttpResponseCodec.createException(W3CHttpResponseCodec.java:187)
at org.openqa.selenium.remote.http.W3CHttpResponseCodec.decode(W3CHttpResponseCodec.java:122)
at org.openqa.selenium.remote.http.W3CHttpResponseCodec.decode(W3CHttpResponseCodec.java:49)
at org.openqa.selenium.remote.HttpCommandExecutor.execute(HttpCommandExecutor.java:158)
at org.openqa.selenium.remote.service.DriverCommandExecutor.execute(DriverCommandExecutor.java:83)
at org.openqa.selenium.remote.RemoteWebDriver.execute(RemoteWebDriver.java:552)
at org.openqa.selenium.remote.RemoteWebDriver.findElement(RemoteWebDriver.java:323)
at org.openqa.selenium.remote.RemoteWebDriver.findElementByXPath(RemoteWebDriver.java:428)
at org.openqa.selenium.By$ByXPath.findElement(By.java:353)
at org.openqa.selenium.remote.RemoteWebDriver.findElement(RemoteWebDriver.java:315)
at org.openqa.selenium.support.pagefactory.DefaultElementLocator.findElement(DefaultElementLocator.java:69)
at org.openqa.selenium.support.pagefactory.internal.LocatingElementHandler.invoke(LocatingElementHandler.java:38)
at com.sun.proxy.$Proxy14.click(Unknown Source)
at com.Aquilatrack.qa.pages.DashboardPage.checktoggle(DashboardPage.java:384)
at com.Aquiltrack.qa.Testcases.DashboardTest.clickontoggle(DashboardTest.java:144)
at java.base/java.util.ArrayList.forEach(ArrayList.java:1541)
... Removed 31 stack frames]]>
    </failure>
  </testcase> <!-- clickontoggle -->
</testsuite> <!-- Aquilatrack -->
