<?xml version="1.0" encoding="UTF-8"?>
<!-- Generated by org.testng.reporters.JUnitXMLReporter -->
<testsuite ignored="7" hostname="swati-Latitude-E5250" failures="0" tests="1" name="Phase 1" time="21.396" errors="0" timestamp="2022-01-05T11:08:08 IST">
  <testcase classname="com.Aquiltrack.qa.Testcases.UserTest" name="@BeforeClass setup" time="21.28">
    <failure type="org.openqa.selenium.NoSuchElementException" message="Cannot locate an element using xpath=//span[contains(text(),&amp;apos;Users&amp;apos;)]
For documentation on this error, please visit: https://www.seleniumhq.org/exceptions/no_such_element.html
Build info: version: &amp;apos;3.141.59&amp;apos;, revision: &amp;apos;e82be7d358&amp;apos;, time: &amp;apos;2018-11-14T08:17:03&amp;apos;
System info: host: &amp;apos;swati-Latitude-E5250&amp;apos;, ip: &amp;apos;127.0.1.1&amp;apos;, os.name: &amp;apos;Linux&amp;apos;, os.arch: &amp;apos;amd64&amp;apos;, os.version: &amp;apos;5.4.0-91-generic&amp;apos;, java.version: &amp;apos;11.0.13&amp;apos;
Driver info: driver.version: RemoteWebDriver">
      <![CDATA[org.openqa.selenium.NoSuchElementException: Cannot locate an element using xpath=//span[contains(text(),'Users')]
For documentation on this error, please visit: https://www.seleniumhq.org/exceptions/no_such_element.html
Build info: version: '3.141.59', revision: 'e82be7d358', time: '2018-11-14T08:17:03'
System info: host: 'swati-Latitude-E5250', ip: '127.0.1.1', os.name: 'Linux', os.arch: 'amd64', os.version: '5.4.0-91-generic', java.version: '11.0.13'
Driver info: driver.version: RemoteWebDriver
at org.openqa.selenium.remote.RemoteWebDriver.findElement(RemoteWebDriver.java:327)
at org.openqa.selenium.remote.RemoteWebDriver.findElementByXPath(RemoteWebDriver.java:428)
at org.openqa.selenium.By$ByXPath.findElement(By.java:353)
at org.openqa.selenium.remote.RemoteWebDriver.findElement(RemoteWebDriver.java:315)
at org.openqa.selenium.support.pagefactory.DefaultElementLocator.findElement(DefaultElementLocator.java:69)
at org.openqa.selenium.support.pagefactory.internal.LocatingElementHandler.invoke(LocatingElementHandler.java:38)
at com.sun.proxy.$Proxy15.click(Unknown Source)
at com.Aquilatrack.qa.pages.DashboardPage.clickonuserpage(DashboardPage.java:396)
at com.Aquiltrack.qa.Testcases.UserTest.setup(UserTest.java:42)
at java.base/java.util.ArrayList.forEach(ArrayList.java:1541)
... Removed 25 stack frames]]>
    </failure>
  </testcase> <!-- @BeforeClass setup -->
  <testcase classname="com.Aquiltrack.qa.Testcases.UserTest" name="@AfterMethod refreshpage" time="-1.641361088114E9">
    <skipped/>
  </testcase> <!-- @AfterMethod refreshpage -->
  <testcase classname="com.Aquiltrack.qa.Testcases.UserTest" name="@AfterClass teardown" time="-1.641361088118E9">
    <skipped/>
  </testcase> <!-- @AfterClass teardown -->
  <testcase classname="com.Aquiltrack.qa.Testcases.UserTest" name="CreateRole" time="0.0">
    <skipped/>
  </testcase> <!-- CreateRole -->
  <testcase classname="com.Aquiltrack.qa.Testcases.UserTest" name="createUser" time="0.0">
    <ignored/>
  </testcase> <!-- createUser -->
  <testcase classname="com.Aquiltrack.qa.Testcases.UserTest" name="selectedModule" time="0.0">
    <ignored/>
  </testcase> <!-- selectedModule -->
  <testcase classname="com.Aquiltrack.qa.Testcases.UserTest" name="deleteuserdetails" time="0.0">
    <ignored/>
  </testcase> <!-- deleteuserdetails -->
  <testcase classname="com.Aquiltrack.qa.Testcases.UserTest" name="checksublogin" time="0.0">
    <ignored/>
  </testcase> <!-- checksublogin -->
  <testcase classname="com.Aquiltrack.qa.Testcases.UserTest" name="edituserdeatails" time="0.0">
    <ignored/>
  </testcase> <!-- edituserdeatails -->
  <testcase classname="com.Aquiltrack.qa.Testcases.UserTest" name="serachuser" time="0.0">
    <ignored/>
  </testcase> <!-- serachuser -->
  <testcase classname="com.Aquiltrack.qa.Testcases.UserTest" name="resetpassword" time="0.0">
    <ignored/>
  </testcase> <!-- resetpassword -->
</testsuite> <!-- Phase 1 -->
